
SQLines Data 3.1.777 x86_64 Linux - Database Migration Tool.
Copyright (c) 2018 SQLines. All Rights Reserved.

Current timestamp: 2020:04:23 04:58:06.224
Current directory: /var/www/html/comerciais.leya.com/dev/packages/brstuff/LaravelSqlines/resources/sqlines
Configuration file: sqldata.cfg

Error reading the configuration file: 

Connecting to databases (106 ms)
  Oracle Database 11g Express Edition Release 11.2.0.2.0 - 64bit Production (Ok, 106 ms)
  MySQL 5.1.73 Source distribution x86_64 redhat-linux-gnu (Ok, 3 ms)

Reading the database schema (1 table, 21 ms)

Transferring database (1 session):

  MIDW.COM_LOJAS - Started (1 of 1, session 1)
  MIDW.COM_LOJAS - Open cursor (11 rows read, 3 ms, session 1)
  MIDW.COM_LOJAS - Drop target table (2 ms, session 1)
  MIDW.COM_LOJAS - Create target table (Failed, 0 ms, session 1)
    Unknown database 'MIDW'

  MIDW.COM_LOJAS columns:
    1. NUMERO_SAP, data type 1, length 30, precision 0, scale 0
    2. ORG_VENDAS, data type 1, length 12, precision 0, scale 0
    3. CANAL, data type 1, length 6, precision 0, scale 0
    4. SECTOR, data type 1, length 6, precision 0, scale 0
    5. NAME1, data type 1, length 120, precision 0, scale 0
    6. NAME4, data type 1, length 120, precision 0, scale 0
    7. PESQUISA, data type 1, length 60, precision 0, scale 0
    8. RUA1, data type 1, length 180, precision 0, scale 0
    9. CODIGO_POSTAL, data type 1, length 30, precision 0, scale 0
   10. LOCALIDADE, data type 1, length 120, precision 0, scale 0
   11. PAIS, data type 1, length 9, precision 0, scale 0
   12. COD_CONCELHO, data type 1, length 12, precision 0, scale 0
   13. COD_DISTRITO, data type 1, length 24, precision 0, scale 0
   14. TELEFONE, data type 1, length 90, precision 0, scale 0
   15. EMAIL, data type 1, length 723, precision 0, scale 0
   16. NIF, data type 1, length 60, precision 0, scale 0
   17. ESCRITORIO_VENDAS, data type 1, length 75, precision 0, scale 0
   18. EQUIPA_VENDAS, data type 1, length 72, precision 0, scale 0
   19. TIPO_CLIENTE, data type 1, length 60, precision 0, scale 0

Failed tables (1 table):

    1. MIDW.COM_LOJAS - Unknown database 'MIDW'

Please contact us at support@sqlines.com for any assistance.

Summary:

  Tables:        1 (0 Ok, 1 failed)
  Target DDL:    2 (1 Ok, 1 failed)
  Rows read:     0
  Rows written:  0
  Transfer time: 6 ms (0 rows/sec, 0 bytes, 0 bytes/sec)

Logs:

  Execution log:             sqldata.log
  DDL SQL statements:        sqldata_ddl.sql
  Failed DDL SQL statements: sqldata_failed.sql

Current timestamp: 2020:04:23 04:58:06.375